<?xml version="1.0" encoding="UTF-8"?>
<!-- Generated by org.testng.reporters.JUnitReportReporter -->
<testsuite hostname="LAPTOP-O0RL6D68" failures="0" tests="1" name="com.Demoblaze.tests.DemoblazeTest" time="26.159" errors="0" timestamp="03 Apr 2025 18:52:18 GMT" skipped="0">
  <testcase classname="com.Demoblaze.tests.DemoblazeTest" name="TC01_DemoblazeTest" time="26.159"/>
</testsuite> <!-- com.Demoblaze.tests.DemoblazeTest -->
