<?xml version="1.0" encoding="UTF-8"?>
<!-- Generated by org.testng.reporters.JUnitReportReporter -->
<testsuite hostname="LAPTOP-O0RL6D68" failures="0" tests="1" name="com.Demoblaze.tests.DemoblazeTest" time="42.809" errors="0" timestamp="04 Apr 2025 14:46:27 GMT" skipped="0">
  <testcase classname="com.Demoblaze.tests.DemoblazeTest" name="TC01_DemoblazeTest" time="42.809"/>
</testsuite> <!-- com.Demoblaze.tests.DemoblazeTest -->
